<?xml version="1.0" encoding="UTF-8"?>
<testsuite name="org.casual_chess.cc_game.CcGameApplicationTests" tests="1" skipped="0" failures="0" errors="0" timestamp="2024-12-28T14:24:48" hostname="sourashisWinLen" time="0.507">
  <properties/>
  <testcase name="contextLoads()" classname="org.casual_chess.cc_game.CcGameApplicationTests" time="0.507"/>
  <system-out><![CDATA[14:24:47.282 [Test worker] INFO org.springframework.test.context.support.AnnotationConfigContextLoaderUtils -- Could not detect default configuration classes for test class [org.casual_chess.cc_game.CcGameApplicationTests]: CcGameApplicationTests does not declare any static, non-private, non-final, nested classes annotated with @Configuration.
14:24:47.373 [Test worker] INFO org.springframework.boot.test.context.SpringBootTestContextBootstrapper -- Found @SpringBootConfiguration org.casual_chess.cc_game.CcGameApplication for test class org.casual_chess.cc_game.CcGameApplicationTests

  .   ____          _            __ _ _
 /\\ / ___'_ __ _ _(_)_ __  __ _ \ \ \ \
( ( )\___ | '_ | '_| | '_ \/ _` | \ \ \ \
 \\/  ___)| |_)| | | | | || (_| |  ) ) ) )
  '  |____| .__|_| |_|_| |_\__, | / / / /
 =========|_|==============|___/=/_/_/_/

 :: Spring Boot ::                (v3.4.1)

2024-12-28T14:24:47.818Z  INFO 5614 --- [cc-game] [    Test worker] o.c.cc_game.CcGameApplicationTests       : Starting CcGameApplicationTests using Java 17.0.13 with PID 5614 (started by sourashis-wsl in /home/sourashis-wsl/work/projects/casual-chess/cc-game)
2024-12-28T14:24:47.820Z  INFO 5614 --- [cc-game] [    Test worker] o.c.cc_game.CcGameApplicationTests       : No active profile set, falling back to 1 default profile: "default"
2024-12-28T14:24:48.709Z  INFO 5614 --- [cc-game] [    Test worker] o.c.cc_game.CcGameApplicationTests       : Started CcGameApplicationTests in 1.188 seconds (process running for 1.983)
]]></system-out>
  <system-err><![CDATA[]]></system-err>
</testsuite>
